<testsuite failures="0" name="src/test/java/org/example/features/userDetailsPOST.feature" skipped="0" tests="1" time="5.029">
  <testcase classname="src.test.java.org.example.features.userDetailsPOST" name="create user details" time="5.029">
    <system-out>* def jsonPayload = read('../data/request.json') .......................... passed
Given url 'https://reqres.in/api/users' ................................... passed
And request jsonPayload ................................................... passed
And headers {Content-type :'application/json', Accept : 'application/json'} . passed
When method POST .......................................................... passed
Then status 201 ........................................................... passed</system-out>
  </testcase>
</testsuite>
