<testsuite failures="0" name="src/test/java/org/example/features/userDetailAUTHENTICATIONtest.feature" skipped="0" tests="1" time="3.607825">
  <testcase classname="src.test.java.org.example.features.userDetailAUTHENTICATIONtest" name="Authentication test" time="3.607825">
    <system-out>* url 'https://reqres.in/api/register' .................................... passed
And form field email = 'eve.holt@reqres.in' ............................... passed
And form field password = 'pistol' ........................................ passed
When method POST .......................................................... passed
Then status 200 ........................................................... passed
Then print response ....................................................... passed
* def accessToken = response.token ........................................ passed
Then print accessToken .................................................... passed</system-out>
  </testcase>
</testsuite>
